<?xml version="1.0" encoding="UTF-8"?>
<!-- Generated by org.testng.reporters.JUnitXMLReporter -->
<testsuite ignored="0" hostname="TAMILSELVI" failures="0" tests="5" name="Test" time="0.051" errors="0" timestamp="2026-03-13T08:22:33 IST">
  <testcase classname="practice.DemoTest" name="login" time="0.005"/>
  <testcase classname="practice.TestPractice" name="loginTest" time="0.005"/>
  <testcase classname="practice.TestPractice" name="logoutTest" time="0.001"/>
  <testcase classname="practice.DemoTest" name="addEmployee" time="0.002"/>
  <testcase classname="practice.DemoTest" name="logout" time="0.002"/>
</testsuite> <!-- Test -->
