<?xml version="1.0" encoding="UTF-8"?>
<testng-results ignored="0" total="1" passed="1" failed="0" skipped="0">
  <reporter-output>
  </reporter-output>
  <suite started-at="2026-03-27T20:50:18 IST" name="Default suite" finished-at="2026-03-27T20:50:19 IST" duration-ms="426">
    <groups>
    </groups>
    <test started-at="2026-03-27T20:50:18 IST" name="Default test" finished-at="2026-03-27T20:50:19 IST" duration-ms="426">
      <class name="demo.LearningExtentReports">
        <test-method signature="practice()[pri:0, instance:demo.LearningExtentReports@765d7657]" started-at="2026-03-27T20:50:18 IST" name="practice" finished-at="2026-03-27T20:50:19 IST" duration-ms="388" status="PASS">
          <reporter-output>
          </reporter-output>
        </test-method> <!-- practice -->
      </class> <!-- demo.LearningExtentReports -->
    </test> <!-- Default test -->
  </suite> <!-- Default suite -->
</testng-results>
