<?xml version="1.0" encoding="UTF-8"?>
<testng-results ignored="0" total="1" passed="1" failed="0" skipped="0">
  <reporter-output>
  </reporter-output>
  <suite started-at="2026-03-14T15:09:53 IST" name="Default suite" finished-at="2026-03-14T15:09:58 IST" duration-ms="5042">
    <groups>
    </groups>
    <test started-at="2026-03-14T15:09:53 IST" name="Default test" finished-at="2026-03-14T15:09:58 IST" duration-ms="5042">
      <class name="swaglabs.LoginPageFactoryTest">
        <test-method signature="login()[pri:0, instance:swaglabs.LoginPageFactoryTest@2a4fb17b]" started-at="2026-03-14T15:09:53 IST" name="login" finished-at="2026-03-14T15:09:58 IST" duration-ms="4981" status="PASS">
          <reporter-output>
          </reporter-output>
        </test-method> <!-- login -->
      </class> <!-- swaglabs.LoginPageFactoryTest -->
    </test> <!-- Default test -->
  </suite> <!-- Default suite -->
</testng-results>
