<?xml version="1.0" encoding="UTF-8"?>
<!-- Generated by org.testng.reporters.JUnitReportReporter -->
<testsuite hostname="TAMILSELVI" failures="0" tests="3" name="GenericUtility.CrossBrowserBaseClass" time="0.057" errors="0" timestamp="2026-03-13T11:18:51 IST" skipped="0">
  <testcase classname="GenericUtility.CrossBrowserBaseClass" name="beforeMethod" time="0.047">
    <system-out>
      <![CDATA[--Executing method--]]>
    </system-out>
  </testcase> <!-- beforeMethod -->
  <testcase classname="GenericUtility.CrossBrowserBaseClass" name="beforeMethod" time="0.006">
    <system-out>
      <![CDATA[--Executing method--]]>
    </system-out>
  </testcase> <!-- beforeMethod -->
  <testcase classname="GenericUtility.CrossBrowserBaseClass" name="beforeMethod" time="0.004">
    <system-out>
      <![CDATA[--Executing method--]]>
    </system-out>
  </testcase> <!-- beforeMethod -->
  <system-out>
    <![CDATA[--Executing Suite-- and connecting to the database
--Executing System Testcases--
--Executing System Testcases--
--Executing System Testcases--
--Executing method--
--Executing method--
--Executing method completed--
--Executing of addToCart class complated
--Executing System Test completed--
--Executing method--
--Executing method--
--Executing method completed--
--Executing of addToCart class complated
--Executing System Test completed--
--Executing method--
--Executing method--
--Executing method completed--
--Executing of addToCart class complated
--Executing System Test completed--
--Executing Suite completed--]]>
  </system-out>
</testsuite> <!-- GenericUtility.CrossBrowserBaseClass -->
