<?xml version="1.0" encoding="UTF-8"?>
<!-- Generated by org.testng.reporters.JUnitReportReporter -->
<testsuite hostname="TAMILSELVI" failures="0" tests="4" name="practice.WeeklyAssessment3Testase2" time="8.723" errors="0" timestamp="2026-03-13T14:21:32 IST" skipped="0">
  <testcase classname="practice.WeeklyAssessment3Testase2" name="login" time="7.796"/>
  <testcase classname="practice.WeeklyAssessment3Testase2" name="verification" time="0.035"/>
  <testcase classname="practice.WeeklyAssessment3Testase2" name="sortedAddToCart" time="0.707"/>
  <testcase classname="practice.WeeklyAssessment3Testase2" name="logout" time="0.185"/>
</testsuite> <!-- practice.WeeklyAssessment3Testase2 -->
