<?xml version="1.0" encoding="UTF-8"?>
<!-- Generated by org.testng.reporters.JUnitReportReporter -->
<testsuite hostname="TAMILSELVI" failures="0" tests="4" name="practice.WeeklyAssessment3" time="2.540" errors="0" timestamp="2026-03-13T14:22:57 IST" skipped="0">
  <testcase classname="practice.WeeklyAssessment3" name="login" time="1.805"/>
  <testcase classname="practice.WeeklyAssessment3" name="verification" time="0.036"/>
  <testcase classname="practice.WeeklyAssessment3" name="addToCart" time="0.506"/>
  <testcase classname="practice.WeeklyAssessment3" name="logout" time="0.193"/>
</testsuite> <!-- practice.WeeklyAssessment3 -->
