<?xml version="1.0" encoding="UTF-8"?>
<!-- Generated by org.testng.reporters.JUnitReportReporter -->
<testsuite hostname="TAMILSELVI" failures="0" tests="2" name="practice.AddToCart" time="0.268" errors="0" timestamp="2026-03-11T14:19:30 IST" skipped="0">
  <testcase classname="practice.AddToCart" name="login" time="0.042">
    <system-out>
      <![CDATA[Login Successful]]>
    </system-out>
  </testcase> <!-- login -->
  <testcase classname="practice.AddToCart" name="addToCart" time="0.226"/>
  <system-out>
    <![CDATA[--Executing Suite-- and connecting to the database
--Executing System Testcases--
--Executing method--
Login Successful
--Executing method completed--
--Executing method--
--Executing method completed--
--Executing of addToCart class complated
--Executing System Test completed--
--Executing Suite completed--]]>
  </system-out>
</testsuite> <!-- practice.AddToCart -->
