<?xml version="1.0" encoding="UTF-8"?>
<!-- Generated by org.testng.reporters.JUnitReportReporter -->
<testsuite hostname="TAMILSELVI" failures="0" tests="10" name="practice.LoginAndLogout" time="22.056" errors="0" timestamp="2026-03-14T09:40:57 IST" skipped="0">
  <testcase classname="practice.LoginAndLogout" name="login" time="2.193"/>
  <testcase classname="practice.LoginAndLogout" name="login" time="2.123"/>
  <testcase classname="practice.LoginAndLogout" name="login" time="2.037"/>
  <testcase classname="practice.LoginAndLogout" name="login" time="2.151"/>
  <testcase classname="practice.LoginAndLogout" name="login" time="2.079"/>
  <testcase classname="practice.LoginAndLogout" name="login" time="2.038"/>
  <testcase classname="practice.LoginAndLogout" name="login" time="2.169"/>
  <testcase classname="practice.LoginAndLogout" name="login" time="2.090"/>
  <testcase classname="practice.LoginAndLogout" name="login" time="2.936"/>
  <testcase classname="practice.LoginAndLogout" name="login" time="2.240"/>
</testsuite> <!-- practice.LoginAndLogout -->
