<?xml version="1.0" encoding="UTF-8"?>
<!-- Generated by org.testng.reporters.JUnitReportReporter -->
<testsuite hostname="TAMILSELVI" failures="0" tests="3" name="practice.DemoTest" time="0.010" errors="0" timestamp="2026-03-13T08:22:33 IST" skipped="0">
  <testcase classname="practice.DemoTest" name="login" time="0.005"/>
  <testcase classname="practice.DemoTest" name="addEmployee" time="0.003"/>
  <testcase classname="practice.DemoTest" name="logout" time="0.002"/>
</testsuite> <!-- practice.DemoTest -->
