<?xml version="1.0" encoding="UTF-8"?>
<!-- Generated by org.testng.reporters.JUnitReportReporter -->
<testsuite hostname="TAMILSELVI" failures="0" tests="1" name="com.orangehrm.seleniumuiframework.pim1.PimTest" time="32.922" errors="0" timestamp="2026-03-26T11:31:07 IST" skipped="0">
  <testcase classname="com.orangehrm.seleniumuiframework.pim1.PimTest" name="terminationReason" time="32.922">
    <system-out>
      <![CDATA[Passed]]>
    </system-out>
  </testcase> <!-- terminationReason -->
  <system-out>
    <![CDATA[Executing BeforeSuite
Executing BeforeTest
--Launching the browser--
Executing BeforeMethod
Passed
Logging out
--Closing the Browser--
Executing AfterTest
Executing AfterSuite]]>
  </system-out>
</testsuite> <!-- com.orangehrm.seleniumuiframework.pim1.PimTest -->
