<?xml version="1.0" encoding="UTF-8"?>
<!-- Generated by org.testng.reporters.JUnitReportReporter -->
<testsuite hostname="TAMILSELVI" failures="0" tests="2" name="com.orangehrm.seleniumuiframework.requirement.RequirementVacanciesTest" time="25.472" errors="0" timestamp="2026-03-12T22:23:40 IST" skipped="0">
  <testcase classname="com.orangehrm.seleniumuiframework.requirement.RequirementVacanciesTest" name="login" time="6.624"/>
  <testcase classname="com.orangehrm.seleniumuiframework.requirement.RequirementVacanciesTest" name="requirement" time="18.848"/>
</testsuite> <!-- com.orangehrm.seleniumuiframework.requirement.RequirementVacanciesTest -->
