<?xml version="1.0" encoding="UTF-8"?>
<!-- Generated by org.testng.reporters.JUnitReportReporter -->
<testsuite hostname="TAMILSELVI" failures="0" tests="2" name="com.orangehrm.seleniumuiframework.requirement.RequirementAddUserTest" time="45.060" errors="0" timestamp="2026-03-13T00:11:07 IST" skipped="0">
  <testcase classname="com.orangehrm.seleniumuiframework.requirement.RequirementAddUserTest" name="login" time="21.154"/>
  <testcase classname="com.orangehrm.seleniumuiframework.requirement.RequirementAddUserTest" name="requirement" time="23.906"/>
</testsuite> <!-- com.orangehrm.seleniumuiframework.requirement.RequirementAddUserTest -->
