<?xml version="1.0" encoding="UTF-8"?>
<!-- Generated by org.testng.reporters.JUnitReportReporter -->
<testsuite hostname="TAMILSELVI" failures="0" tests="2" name="com.orangehrm.seleniumuiframework.pim.PimTerminationTest" time="26.426" errors="0" timestamp="2026-03-12T20:18:40 IST" skipped="0">
  <testcase classname="com.orangehrm.seleniumuiframework.pim.PimTerminationTest" name="login" time="6.220"/>
  <testcase classname="com.orangehrm.seleniumuiframework.pim.PimTerminationTest" name="pimTestCase1" time="20.206"/>
</testsuite> <!-- com.orangehrm.seleniumuiframework.pim.PimTerminationTest -->
