<?xml version="1.0" encoding="UTF-8"?>
<!-- Generated by org.testng.reporters.JUnitReportReporter -->
<testsuite hostname="TAMILSELVI" failures="0" tests="1" name="demo.PracticeBaseClass" time="14.038" errors="0" timestamp="2026-03-24T09:02:01 IST" skipped="0">
  <testcase classname="demo.PracticeBaseClass" name="testMethod" time="14.038"/>
  <system-out>
    <![CDATA[Executing BeforeSuite
Executing BeforeTest
--Launching the browser--
Executing BeforeMethod
Logging out
--Closing the Browser--
Executing AfterTest
Executing AfterSuite]]>
  </system-out>
</testsuite> <!-- demo.PracticeBaseClass -->
